<?xml version="1.0" encoding="UTF-8"?>
<testng-results total="1" passed="1" failed="0" skipped="0">
  <reporter-output>
  </reporter-output>
  <suite started-at="2020-09-09T00:21:31Z" name="Surefire suite" finished-at="2020-09-09T00:21:31Z" duration-ms="67">
    <groups>
    </groups>
    <test started-at="2020-09-09T00:21:31Z" name="Surefire test" finished-at="2020-09-09T00:21:31Z" duration-ms="67">
      <class name="qaclick.Mavenjava.MainTest">
        <test-method signature="shouldCreateMainObject()[pri:0, instance:shouldCreateMainObject(qaclick.Mavenjava.MainTest)]" started-at="2020-09-08T20:21:31Z" name="shouldCreateMainObject" finished-at="2020-09-08T20:21:31Z" duration-ms="4" status="PASS">
          <reporter-output>
          </reporter-output>
        </test-method> <!-- shouldCreateMainObject -->
      </class> <!-- qaclick.Mavenjava.MainTest -->
    </test> <!-- Surefire test -->
  </suite> <!-- Surefire suite -->
</testng-results>
