<?xml version="1.0" encoding="UTF-8"?>
<testng-results total="2" passed="2" failed="0" skipped="0">
  <reporter-output>
  </reporter-output>
  <suite started-at="2020-09-09T00:21:31Z" name="Surefire suite" finished-at="2020-09-09T00:21:31Z" duration-ms="33">
    <groups>
    </groups>
    <test started-at="2020-09-09T00:21:31Z" name="Surefire test" finished-at="2020-09-09T00:21:31Z" duration-ms="33">
      <class name="qaclick.Mavenjava.AbcTest">
        <test-method signature="Demo()[pri:0, instance:qaclick.Mavenjava.AbcTest@fcd6521]" started-at="2020-09-08T20:21:31Z" name="Demo" finished-at="2020-09-08T20:21:31Z" duration-ms="14" status="PASS">
          <reporter-output>
          </reporter-output>
        </test-method> <!-- Demo -->
      </class> <!-- qaclick.Mavenjava.AbcTest -->
      <class name="qaclick.Mavenjava.BcdTest">
        <test-method signature="Abd()[pri:0, instance:qaclick.Mavenjava.BcdTest@5fdba6f9]" started-at="2020-09-08T20:21:31Z" name="Abd" finished-at="2020-09-08T20:21:31Z" duration-ms="1" status="PASS">
          <reporter-output>
          </reporter-output>
        </test-method> <!-- Abd -->
      </class> <!-- qaclick.Mavenjava.BcdTest -->
    </test> <!-- Surefire test -->
  </suite> <!-- Surefire suite -->
</testng-results>
