<?xml version="1.0" encoding="UTF-8"?>
<testng-results ignored="0" total="1" passed="1" failed="0" skipped="0">
  <reporter-output>
  </reporter-output>
  <suite started-at="2020-09-08T14:38:03 EDT" name="Default suite" finished-at="2020-09-08T14:38:03 EDT" duration-ms="67">
    <groups>
    </groups>
    <test started-at="2020-09-08T14:38:03 EDT" name="Default test" finished-at="2020-09-08T14:38:03 EDT" duration-ms="67">
      <class name="qaclick.Mavenjava.AbcTest">
        <test-method signature="Demo()[pri:0, instance:qaclick.Mavenjava.AbcTest@222114ba]" started-at="2020-09-08T14:38:03 EDT" name="Demo" finished-at="2020-09-08T14:38:03 EDT" duration-ms="12" status="PASS">
          <reporter-output>
          </reporter-output>
        </test-method> <!-- Demo -->
      </class> <!-- qaclick.Mavenjava.AbcTest -->
    </test> <!-- Default test -->
  </suite> <!-- Default suite -->
</testng-results>
